<?xml version="1.0" encoding="UTF-8"?>
<testsuite xmlns:xsi="http://www.w3.org/2001/XMLSchema-instance" xsi:noNamespaceSchemaLocation="https://maven.apache.org/surefire/maven-surefire-plugin/xsd/surefire-test-report.xsd" name="com.example.ConverterTest" time="0.026" tests="4" errors="0" skipped="0" failures="0">
  <properties>
[...]
</properties>
  <testcase name="testFahrenheitToCelsius" classname="com.example.ConverterTest" time="0.001"/>
  <testcase name="testCelsiusToFahrenheit" classname="com.example.ConverterTest" time="0"/>
  <testcase name="testMilesToKm" classname="com.example.ConverterTest" time="0"/>
  <testcase name="testKmToMiles" classname="com.example.ConverterTest" time="0"/>
</testsuite>